<?xml version="1.0" encoding="UTF-8"?>
<!-- Generated by org.testng.reporters.JUnitXMLReporter -->
<testsuite ignored="1" hostname="DESKTOP-6S92QN9" failures="1" tests="1" name="SmokeTest3" time="9.703" errors="0" timestamp="2022-07-21T16:36:06 IST">
  <testcase classname="com.selenium.scripts.Assertions" name="openURL" time="7.194">
    <failure type="java.lang.AssertionError" message="The following asserts failed:
	expected [https://selenium/downloads] but found [https://www.selenium.dev/downloads/]">
      <![CDATA[java.lang.AssertionError: The following asserts failed:
expected [https://selenium/downloads] but found [https://www.selenium.dev/downloads/]
at com.selenium.scripts.Assertions.openURL(Assertions.java:41)
at java.base/java.util.ArrayList.forEach(ArrayList.java:1511)
... Removed 29 stack frames]]>
    </failure>
  </testcase> <!-- openURL -->
  <testcase classname="com.selenium.scripts.Assertions" name="percentageCalc" time="0.0">
    <ignored/>
  </testcase> <!-- percentageCalc -->
</testsuite> <!-- SmokeTest3 -->
