<?xml version="1.0" encoding="UTF-8"?>
<testng-results ignored="4" total="7" passed="2" failed="1" skipped="0">
  <reporter-output>
  </reporter-output>
  <suite started-at="2022-07-21T16:35:27 IST" name="SmokeSuite" finished-at="2022-07-21T16:36:06 IST" duration-ms="38594">
    <groups>
    </groups>
    <test started-at="2022-07-21T16:35:27 IST" name="SmokeTest1" finished-at="2022-07-21T16:35:46 IST" duration-ms="19299">
      <class name="com.selenium.scripts.OrangeHRMSLogin">
        <test-method is-config="true" signature="browserLaunch()[pri:0, instance:com.selenium.scripts.OrangeHRMSLogin@77fbd92c]" started-at="2022-07-21T16:35:27 IST" name="browserLaunch" finished-at="2022-07-21T16:35:43 IST" duration-ms="16066" status="PASS">
          <reporter-output>
          </reporter-output>
        </test-method> <!-- browserLaunch -->
        <test-method signature="ForgetPasswordLink()[pri:0, instance:com.selenium.scripts.OrangeHRMSLogin@77fbd92c]" started-at="2022-07-21T16:35:43 IST" name="ForgetPasswordLink" finished-at="2022-07-21T16:35:46 IST" duration-ms="2449" status="PASS">
          <reporter-output>
          </reporter-output>
        </test-method> <!-- ForgetPasswordLink -->
        <test-method is-config="true" signature="closeBrowser()[pri:0, instance:com.selenium.scripts.OrangeHRMSLogin@77fbd92c]" started-at="2022-07-21T16:35:46 IST" name="closeBrowser" finished-at="2022-07-21T16:35:46 IST" duration-ms="681" status="PASS">
          <reporter-output>
          </reporter-output>
        </test-method> <!-- closeBrowser -->
      </class> <!-- com.selenium.scripts.OrangeHRMSLogin -->
    </test> <!-- SmokeTest1 -->
    <test started-at="2022-07-21T16:35:47 IST" name="SmokeTest2" finished-at="2022-07-21T16:35:56 IST" duration-ms="9483">
      <class name="com.selenium.scripts.AnnotationTest">
        <test-method is-config="true" signature="openURL()[pri:0, instance:com.selenium.scripts.AnnotationTest@702657cc]" started-at="2022-07-21T16:35:47 IST" name="openURL" finished-at="2022-07-21T16:35:54 IST" duration-ms="7193" status="PASS">
          <reporter-output>
          </reporter-output>
        </test-method> <!-- openURL -->
        <test-method signature="forgetPassword()[pri:1, instance:com.selenium.scripts.AnnotationTest@702657cc]" started-at="2022-07-21T16:35:54 IST" name="forgetPassword" finished-at="2022-07-21T16:35:56 IST" duration-ms="1963" status="PASS">
          <reporter-output>
          </reporter-output>
        </test-method> <!-- forgetPassword -->
        <test-method is-config="true" signature="closeBrowser()[pri:0, instance:com.selenium.scripts.AnnotationTest@702657cc]" started-at="2022-07-21T16:35:56 IST" name="closeBrowser" finished-at="2022-07-21T16:35:56 IST" duration-ms="322" status="PASS">
          <reporter-output>
          </reporter-output>
        </test-method> <!-- closeBrowser -->
      </class> <!-- com.selenium.scripts.AnnotationTest -->
    </test> <!-- SmokeTest2 -->
    <test started-at="2022-07-21T16:35:56 IST" name="SmokeTest3" finished-at="2022-07-21T16:36:06 IST" duration-ms="9703">
      <class name="com.selenium.scripts.Assertions">
        <test-method is-config="true" signature="launchBrowser()[pri:0, instance:com.selenium.scripts.Assertions@dd05255]" started-at="2022-07-21T16:35:56 IST" name="launchBrowser" finished-at="2022-07-21T16:35:58 IST" duration-ms="2155" status="PASS">
          <reporter-output>
          </reporter-output>
        </test-method> <!-- launchBrowser -->
        <test-method signature="openURL()[pri:0, instance:com.selenium.scripts.Assertions@dd05255]" started-at="2022-07-21T16:35:58 IST" name="openURL" finished-at="2022-07-21T16:36:05 IST" duration-ms="7194" status="FAIL">
          <exception class="java.lang.AssertionError">
            <message>
              <![CDATA[The following asserts failed:
expected [https://selenium/downloads] but found [https://www.selenium.dev/downloads/]]]>
            </message>
            <full-stacktrace>
              <![CDATA[java.lang.AssertionError: The following asserts failed:
expected [https://selenium/downloads] but found [https://www.selenium.dev/downloads/]
at org.testng.asserts.SoftAssert.assertAll(SoftAssert.java:46)
at org.testng.asserts.SoftAssert.assertAll(SoftAssert.java:30)
at com.selenium.scripts.Assertions.openURL(Assertions.java:41)
at java.base/jdk.internal.reflect.NativeMethodAccessorImpl.invoke0(Native Method)
at java.base/jdk.internal.reflect.NativeMethodAccessorImpl.invoke(NativeMethodAccessorImpl.java:77)
at java.base/jdk.internal.reflect.DelegatingMethodAccessorImpl.invoke(DelegatingMethodAccessorImpl.java:43)
at java.base/java.lang.reflect.Method.invoke(Method.java:568)
at org.testng.internal.invokers.MethodInvocationHelper.invokeMethod(MethodInvocationHelper.java:139)
at org.testng.internal.invokers.TestInvoker.invokeMethod(TestInvoker.java:677)
at org.testng.internal.invokers.TestInvoker.invokeTestMethod(TestInvoker.java:221)
at org.testng.internal.invokers.MethodRunner.runInSequence(MethodRunner.java:50)
at org.testng.internal.invokers.TestInvoker$MethodInvocationAgent.invoke(TestInvoker.java:962)
at org.testng.internal.invokers.TestInvoker.invokeTestMethods(TestInvoker.java:194)
at org.testng.internal.invokers.TestMethodWorker.invokeTestMethods(TestMethodWorker.java:148)
at org.testng.internal.invokers.TestMethodWorker.run(TestMethodWorker.java:128)
at java.base/java.util.ArrayList.forEach(ArrayList.java:1511)
at org.testng.TestRunner.privateRun(TestRunner.java:806)
at org.testng.TestRunner.run(TestRunner.java:601)
at org.testng.SuiteRunner.runTest(SuiteRunner.java:433)
at org.testng.SuiteRunner.runSequentially(SuiteRunner.java:427)
at org.testng.SuiteRunner.privateRun(SuiteRunner.java:387)
at org.testng.SuiteRunner.run(SuiteRunner.java:330)
at org.testng.SuiteRunnerWorker.runSuite(SuiteRunnerWorker.java:52)
at org.testng.SuiteRunnerWorker.run(SuiteRunnerWorker.java:95)
at org.testng.TestNG.runSuitesSequentially(TestNG.java:1256)
at org.testng.TestNG.runSuitesLocally(TestNG.java:1176)
at org.testng.TestNG.runSuites(TestNG.java:1099)
at org.testng.TestNG.run(TestNG.java:1067)
at org.testng.remote.AbstractRemoteTestNG.run(AbstractRemoteTestNG.java:115)
at org.testng.remote.RemoteTestNG.initAndRun(RemoteTestNG.java:251)
at org.testng.remote.RemoteTestNG.main(RemoteTestNG.java:77)
]]>
            </full-stacktrace>
          </exception> <!-- java.lang.AssertionError -->
          <reporter-output>
          </reporter-output>
        </test-method> <!-- openURL -->
        <test-method is-config="true" signature="closeBrowser()[pri:0, instance:com.selenium.scripts.Assertions@dd05255]" started-at="2022-07-21T16:36:05 IST" name="closeBrowser" finished-at="2022-07-21T16:36:06 IST" duration-ms="338" status="PASS">
          <reporter-output>
          </reporter-output>
        </test-method> <!-- closeBrowser -->
      </class> <!-- com.selenium.scripts.Assertions -->
    </test> <!-- SmokeTest3 -->
  </suite> <!-- SmokeSuite -->
</testng-results>
